\BOOKMARK [0][-]{chapter*.3}{Preface}{}% 1
\BOOKMARK [0][-]{chapter*.4}{Abbreviations}{}% 2
\BOOKMARK [0][-]{chapter.1}{An Overview of Iridian}{}% 3
\BOOKMARK [1][-]{section.1.1}{Word Classes}{chapter.1}% 4
\BOOKMARK [0][-]{chapter.2}{Phonology}{}% 5
\BOOKMARK [1][-]{section.2.1}{Vowels}{chapter.2}% 6
\BOOKMARK [2][-]{subsection.2.1.1}{Oral Vowels}{section.2.1}% 7
\BOOKMARK [2][-]{subsection.2.1.2}{Diphthongs}{section.2.1}% 8
\BOOKMARK [2][-]{subsection.2.1.3}{Nasal and Nasalized Vowels}{section.2.1}% 9
\BOOKMARK [2][-]{subsection.2.1.4}{Vowel Length}{section.2.1}% 10
\BOOKMARK [2][-]{subsection.2.1.5}{Vowel Reduction}{section.2.1}% 11
\BOOKMARK [1][-]{section.2.2}{Consonants}{chapter.2}% 12
\BOOKMARK [2][-]{subsection.2.2.1}{Plosives}{section.2.2}% 13
\BOOKMARK [2][-]{subsection.2.2.2}{Nasals}{section.2.2}% 14
\BOOKMARK [2][-]{subsection.2.2.3}{Liquids}{section.2.2}% 15
\BOOKMARK [2][-]{subsection.2.2.4}{Fricatives and Affricates}{section.2.2}% 16
\BOOKMARK [1][-]{section.2.3}{Phonotactics}{chapter.2}% 17
\BOOKMARK [2][-]{subsection.2.3.1}{Syllable structure}{section.2.3}% 18
\BOOKMARK [2][-]{subsection.2.3.2}{Onset}{section.2.3}% 19
\BOOKMARK [2][-]{subsection.2.3.3}{Nucleus}{section.2.3}% 20
\BOOKMARK [2][-]{subsection.2.3.4}{Coda}{section.2.3}% 21
\BOOKMARK [1][-]{section.2.4}{Consonant Alternations}{chapter.2}% 22
\BOOKMARK [2][-]{subsection.2.4.1}{Simple palatalization}{section.2.4}% 23
\BOOKMARK [2][-]{subsection.2.4.2}{Palatalization}{section.2.4}% 24
\BOOKMARK [2][-]{subsection.2.4.3}{Mutation of labials}{section.2.4}% 25
\BOOKMARK [2][-]{subsection.2.4.4}{Mutation of dentals and velars}{section.2.4}% 26
\BOOKMARK [2][-]{subsection.2.4.5}{Compound alternations}{section.2.4}% 27
\BOOKMARK [2][-]{subsection.2.4.6}{Consonantzero alternations}{section.2.4}% 28
\BOOKMARK [2][-]{subsection.2.4.7}{Voicing and devoicing}{section.2.4}% 29
\BOOKMARK [2][-]{subsection.2.4.8}{Assimilation of Sibilants}{section.2.4}% 30
\BOOKMARK [1][-]{section.2.5}{Vowel Alternations}{chapter.2}% 31
\BOOKMARK [2][-]{subsection.2.5.1}{Compensatory vowel lengthening}{section.2.5}% 32
\BOOKMARK [1][-]{section.2.6}{Other Phonological Processes}{chapter.2}% 33
\BOOKMARK [1][-]{section.2.7}{Phonological Processes}{chapter.2}% 34
\BOOKMARK [2][-]{subsection.2.7.1}{Assimilation of loanwords}{section.2.7}% 35
\BOOKMARK [2][-]{subsection.2.7.2}{Vowelzero alternation}{section.2.7}% 36
\BOOKMARK [2][-]{subsection.2.7.3}{Vowelvowel alternation}{section.2.7}% 37
\BOOKMARK [2][-]{subsection.2.7.4}{Reduplication}{section.2.7}% 38
\BOOKMARK [2][-]{subsection.2.7.5}{Metathesis}{section.2.7}% 39
\BOOKMARK [1][-]{section.2.8}{Prosody}{chapter.2}% 40
\BOOKMARK [1][-]{section.2.9}{Orthographic representation}{chapter.2}% 41
\BOOKMARK [2][-]{subsection.2.9.1}{Alphabet}{section.2.9}% 42
\BOOKMARK [0][-]{chapter.3}{Verbs}{}% 43
\BOOKMARK [1][-]{section.3.1}{Introduction}{chapter.3}% 44
\BOOKMARK [1][-]{section.3.2}{Verb stems and citation forms}{chapter.3}% 45
\BOOKMARK [1][-]{section.3.3}{Voice}{chapter.3}% 46
\BOOKMARK [2][-]{subsection.3.3.1}{Agentive voice}{section.3.3}% 47
\BOOKMARK [2][-]{subsection.3.3.2}{Patientive focus}{section.3.3}% 48
\BOOKMARK [2][-]{subsection.3.3.3}{Benefactive focus}{section.3.3}% 49
\BOOKMARK [2][-]{subsection.3.3.4}{Locative Focus}{section.3.3}% 50
\BOOKMARK [2][-]{subsection.3.3.5}{Instrumental Focus}{section.3.3}% 51
\BOOKMARK [2][-]{subsection.3.3.6}{Reflexive Voice}{section.3.3}% 52
\BOOKMARK [2][-]{subsection.3.3.7}{Usage}{section.3.3}% 53
\BOOKMARK [1][-]{section.3.4}{Grammatical Aspect}{chapter.3}% 54
\BOOKMARK [2][-]{subsection.3.4.1}{Perfective aspect}{section.3.4}% 55
\BOOKMARK [2][-]{subsection.3.4.2}{Retrospective aspect}{section.3.4}% 56
\BOOKMARK [2][-]{subsection.3.4.3}{Continuous and progressive aspects}{section.3.4}% 57
\BOOKMARK [2][-]{subsection.3.4.4}{Prospective aspect}{section.3.4}% 58
\BOOKMARK [2][-]{subsection.3.4.5}{Cessative aspect}{section.3.4}% 59
\BOOKMARK [1][-]{section.3.5}{Secondary Verbal Prefixes}{chapter.3}% 60
\BOOKMARK [2][-]{subsection.3.5.1}{The reciprocative so-}{section.3.5}% 61
\BOOKMARK [2][-]{subsection.3.5.2}{The inceptive nei-}{section.3.5}% 62
\BOOKMARK [1][-]{section.3.6}{Grammatical Mood}{chapter.3}% 63
\BOOKMARK [2][-]{subsection.3.6.1}{Indicative}{section.3.6}% 64
\BOOKMARK [2][-]{subsection.3.6.2}{Imperative}{section.3.6}% 65
\BOOKMARK [2][-]{subsection.3.6.3}{Subjunctive}{section.3.6}% 66
\BOOKMARK [2][-]{subsection.3.6.4}{Conditional}{section.3.6}% 67
\BOOKMARK [2][-]{subsection.3.6.5}{Hortative}{section.3.6}% 68
\BOOKMARK [2][-]{subsection.3.6.6}{Optative}{section.3.6}% 69
\BOOKMARK [2][-]{subsection.3.6.7}{Quotative }{section.3.6}% 70
\BOOKMARK [2][-]{subsection.3.6.8}{Abilitative and Permissive}{section.3.6}% 71
\BOOKMARK [2][-]{subsection.3.6.9}{Non-Volitive}{section.3.6}% 72
\BOOKMARK [1][-]{section.3.7}{Non-Finite Verb Forms}{chapter.3}% 73
\BOOKMARK [2][-]{subsection.3.7.1}{Gerund}{section.3.7}% 74
\BOOKMARK [2][-]{subsection.3.7.2}{Converbs}{section.3.7}% 75
\BOOKMARK [2][-]{subsection.3.7.3}{Supine}{section.3.7}% 76
\BOOKMARK [1][-]{section.3.8}{Periphrastic Constructions}{chapter.3}% 77
\BOOKMARK [1][-]{section.3.9}{Attributive Verbs}{chapter.3}% 78
\BOOKMARK [1][-]{section.3.10}{Formation of Verbs}{chapter.3}% 79
\BOOKMARK [2][-]{subsection.3.10.1}{External Derivation}{section.3.10}% 80
\BOOKMARK [2][-]{subsection.3.10.2}{Internal Derivation}{section.3.10}% 81
\BOOKMARK [0][-]{chapter.4}{Nouns}{}% 82
\BOOKMARK [1][-]{section.4.1}{Grammatical Categories}{chapter.4}% 83
\BOOKMARK [1][-]{section.4.2}{Number}{chapter.4}% 84
\BOOKMARK [1][-]{section.4.3}{Definiteness}{chapter.4}% 85
\BOOKMARK [1][-]{section.4.4}{Uninflected form}{chapter.4}% 86
\BOOKMARK [1][-]{section.4.5}{Agentive case}{chapter.4}% 87
\BOOKMARK [2][-]{subsection.4.5.1}{Agentive of comparison}{section.4.5}% 88
\BOOKMARK [1][-]{section.4.6}{Patientive case}{chapter.4}% 89
\BOOKMARK [2][-]{subsection.4.6.1}{Direct object}{section.4.6}% 90
\BOOKMARK [2][-]{subsection.4.6.2}{Locative}{section.4.6}% 91
\BOOKMARK [2][-]{subsection.4.6.3}{Patientive of purpose}{section.4.6}% 92
\BOOKMARK [2][-]{subsection.4.6.4}{Lative}{section.4.6}% 93
\BOOKMARK [2][-]{subsection.4.6.5}{Adessive}{section.4.6}% 94
\BOOKMARK [1][-]{section.4.7}{Genitive case}{chapter.4}% 95
\BOOKMARK [2][-]{subsection.4.7.1}{Possession}{section.4.7}% 96
\BOOKMARK [2][-]{subsection.4.7.2}{Genitive of material}{section.4.7}% 97
\BOOKMARK [2][-]{subsection.4.7.3}{Genitive of the whole}{section.4.7}% 98
\BOOKMARK [2][-]{subsection.4.7.4}{Genitive of movement}{section.4.7}% 99
\BOOKMARK [1][-]{section.4.8}{Instrumental case}{chapter.4}% 100
\BOOKMARK [2][-]{subsection.4.8.1}{With some prepositions}{section.4.8}% 101
\BOOKMARK [2][-]{subsection.4.8.2}{With expressions of time and duration}{section.4.8}% 102
\BOOKMARK [1][-]{section.4.9}{Numerals}{chapter.4}% 103
\BOOKMARK [2][-]{subsection.4.9.1}{Ordinal numbers}{section.4.9}% 104
\BOOKMARK [2][-]{subsection.4.9.2}{Fractions and decimals}{section.4.9}% 105
\BOOKMARK [2][-]{subsection.4.9.3}{Use of numerals}{section.4.9}% 106
\BOOKMARK [1][-]{section.4.10}{Derivational Morphology}{chapter.4}% 107
\BOOKMARK [2][-]{subsection.4.10.1}{-ma\235t}{section.4.10}% 108
\BOOKMARK [2][-]{subsection.4.10.2}{-ou}{section.4.10}% 109
\BOOKMARK [2][-]{subsection.4.10.3}{-ou\235c}{section.4.10}% 110
\BOOKMARK [0][-]{chapter.5}{Pronouns}{}% 111
\BOOKMARK [1][-]{section.5.1}{Personal pronouns}{chapter.5}% 112
\BOOKMARK [2][-]{subsection.5.1.1}{Grammatical person}{section.5.1}% 113
\BOOKMARK [2][-]{subsection.5.1.2}{Strong form}{section.5.1}% 114
\BOOKMARK [2][-]{subsection.5.1.3}{Weak form}{section.5.1}% 115
\BOOKMARK [2][-]{subsection.5.1.4}{Clitic form}{section.5.1}% 116
\BOOKMARK [2][-]{subsection.5.1.5}{Pronoun dropping}{section.5.1}% 117
\BOOKMARK [1][-]{section.5.2}{Use of Personal Pronouns}{chapter.5}% 118
\BOOKMARK [2][-]{subsection.5.2.1}{T-V Distinction}{section.5.2}% 119
\BOOKMARK [1][-]{section.5.3}{Possessive Pronouns}{chapter.5}% 120
\BOOKMARK [2][-]{subsection.5.3.1}{The reflexive m\341m}{section.5.3}% 121
\BOOKMARK [1][-]{section.5.4}{Demonstratives}{chapter.5}% 122
\BOOKMARK [1][-]{section.5.5}{Indefinite pronouns and quantifiers}{chapter.5}% 123
\BOOKMARK [1][-]{section.5.6}{Interrogative pronouns}{chapter.5}% 124
\BOOKMARK [1][-]{section.5.7}{Negative and Universal Pronouns}{chapter.5}% 125
\BOOKMARK [0][-]{chapter.6}{Modifiers}{}% 126
\BOOKMARK [1][-]{section.6.1}{Adjectives}{chapter.6}% 127
\BOOKMARK [1][-]{section.6.2}{Demonstratives}{chapter.6}% 128
\BOOKMARK [1][-]{section.6.3}{Quantifiers}{chapter.6}% 129
\BOOKMARK [0][-]{chapter.7}{Minor Word Classes}{}% 130
\BOOKMARK [1][-]{section.7.1}{Conjunctions}{chapter.7}% 131
\BOOKMARK [1][-]{section.7.2}{Prepositions}{chapter.7}% 132
\BOOKMARK [2][-]{subsection.7.2.1}{na}{section.7.2}% 133
\BOOKMARK [2][-]{subsection.7.2.2}{\235e}{section.7.2}% 134
\BOOKMARK [2][-]{subsection.7.2.3}{vo}{section.7.2}% 135
\BOOKMARK [2][-]{subsection.7.2.4}{za}{section.7.2}% 136
\BOOKMARK [0][-]{chapter.8}{Syntax of Simple Clauses}{}% 137
\BOOKMARK [1][-]{section.8.1}{Introduction}{chapter.8}% 138
\BOOKMARK [1][-]{section.8.2}{The Noun Phrase}{chapter.8}% 139
\BOOKMARK [2][-]{subsection.8.2.1}{Nuclear constructions}{section.8.2}% 140
\BOOKMARK [2][-]{subsection.8.2.2}{With adjectival clauses}{section.8.2}% 141
\BOOKMARK [2][-]{subsection.8.2.3}{With prepositional phrases}{section.8.2}% 142
\BOOKMARK [2][-]{subsection.8.2.4}{With relative clauses}{section.8.2}% 143
\BOOKMARK [1][-]{section.8.3}{Constituent Word Order}{chapter.8}% 144
\BOOKMARK [1][-]{section.8.4}{Questions}{chapter.8}% 145
\BOOKMARK [2][-]{subsection.8.4.1}{Yes-no questions}{section.8.4}% 146
\BOOKMARK [2][-]{subsection.8.4.2}{Wh- questions}{section.8.4}% 147
\BOOKMARK [2][-]{subsection.8.4.3}{Indirect questions}{section.8.4}% 148
\BOOKMARK [2][-]{subsection.8.4.4}{Answering questions}{section.8.4}% 149
\BOOKMARK [1][-]{section.8.5}{Negation}{chapter.8}% 150
\BOOKMARK [1][-]{section.8.6}{Existential Constructions}{chapter.8}% 151
\BOOKMARK [2][-]{subsection.8.6.1}{Possession}{section.8.6}% 152
\BOOKMARK [2][-]{subsection.8.6.2}{Impersonal constructions}{section.8.6}% 153
\BOOKMARK [1][-]{section.8.7}{Copular Constructions}{chapter.8}% 154
\BOOKMARK [2][-]{subsection.8.7.1}{Null copula}{section.8.7}% 155
\BOOKMARK [2][-]{subsection.8.7.2}{Negative copula}{section.8.7}% 156
\BOOKMARK [2][-]{subsection.8.7.3}{Conjugation paradigm}{section.8.7}% 157
\BOOKMARK [0][-]{chapter.9}{Complex Sentences}{}% 158
\BOOKMARK [1][-]{section.9.1}{Clause-linking with \235e}{chapter.9}% 159
\BOOKMARK [1][-]{section.9.2}{Converbial Constructions}{chapter.9}% 160
\BOOKMARK [2][-]{subsection.9.2.1}{The imperfective in -iec}{section.9.2}% 161
\BOOKMARK [2][-]{subsection.9.2.2}{The perfective in -e}{section.9.2}% 162
\BOOKMARK [0][-]{chapter.10}{Semantics and Usage}{}% 163
\BOOKMARK [1][-]{section.10.1}{Register}{chapter.10}% 164
\BOOKMARK [1][-]{section.10.2}{Forms of Address and Treatment}{chapter.10}% 165
\BOOKMARK [2][-]{subsection.10.2.1}{Terms of courtesy}{section.10.2}% 166
\BOOKMARK [1][-]{section.10.3}{Idiomatic Expressions}{chapter.10}% 167
\BOOKMARK [1][-]{section.10.4}{Punctuation}{chapter.10}% 168
\BOOKMARK [0][-]{appendix.A}{The Dialects of Iridian}{}% 169
\BOOKMARK [0][-]{appendix.B}{Sample Texts}{}% 170
